[2026-06-27T06:40:32.279Z] GET file:///home/sky-b1-31/Desktop/Resume-Page/favicon.svg → 200 (2ms, 549B)
[2026-06-27T06:41:02.469Z] GET file:///home/sky-b1-31/Desktop/Resume-Page/favicon.svg → 200 (?ms, 549B)
[2026-06-27T06:41:02.532Z] GET file:///home/sky-b1-31/Desktop/Resume-Page/index.html → 200 (1ms, 13275B)
[2026-06-27T06:41:02.534Z] GET https://fonts.googleapis.com/css2?family=Space+Grotesk:wght@400;500;600;700&family=Inter:wght@400;500;600&family=JetBrains+Mono:wght@400;500&display=swap → 200 (181ms, 1488B)
[2026-06-27T06:41:02.534Z] GET file:///home/sky-b1-31/Desktop/Resume-Page/images/profile-pic.jpg → 200 (1ms, 242971B)
[2026-06-27T06:41:02.760Z] GET https://fonts.gstatic.com/s/inter/v20/UcC73FwrK3iLTeHuS_nVMrMxCp50SjIa1ZL7.woff2 → 200 (71ms, 48806B)
[2026-06-27T06:41:02.761Z] GET https://fonts.gstatic.com/s/jetbrainsmono/v24/tDbv2o-flEEny0FZhsfKu5WU4zr3E_BX0PnT8RD8yKwBNntkaToggR7BYRbKPxDcwg.woff2 → 200 (82ms, 31559B)
[2026-06-27T06:41:02.761Z] GET https://fonts.gstatic.com/s/spacegrotesk/v22/V8mDoQDjQSkFtoMM3T6r8E7mPbF4Cw.woff2 → 200 (84ms, 22415B)
[2026-06-27T06:42:00.617Z] GET file:///home/sky-b1-31/Desktop/Resume-Page/index.html → 200 (2ms, 13263B)
[2026-06-27T06:42:00.624Z] GET https://fonts.googleapis.com/css2?family=Space+Grotesk:wght@400;500;600;700&family=Inter:wght@400;500;600&family=JetBrains+Mono:wght@400;500&display=swap → 200 (102ms, 1488B)
[2026-06-27T06:42:00.625Z] GET file:///home/sky-b1-31/Desktop/Resume-Page/images/profile-pic.jpg → 200 (1ms, 242971B)
[2026-06-27T06:42:00.750Z] GET https://fonts.gstatic.com/s/inter/v20/UcC73FwrK3iLTeHuS_nVMrMxCp50SjIa1ZL7.woff2 → 200 (82ms, 48806B)
[2026-06-27T06:42:00.750Z] GET https://fonts.gstatic.com/s/jetbrainsmono/v24/tDbv2o-flEEny0FZhsfKu5WU4zr3E_BX0PnT8RD8yKwBNntkaToggR7BYRbKPxDcwg.woff2 → 200 (72ms, 31558B)
[2026-06-27T06:42:00.750Z] GET https://fonts.gstatic.com/s/spacegrotesk/v22/V8mDoQDjQSkFtoMM3T6r8E7mPbF4Cw.woff2 → 200 (82ms, 22415B)
[2026-06-27T06:42:00.868Z] GET file:///home/sky-b1-31/Desktop/Resume-Page/index.html → 200 (12ms, 13263B)
[2026-06-27T06:42:00.885Z] GET https://fonts.googleapis.com/css2?family=Space+Grotesk:wght@400;500;600;700&family=Inter:wght@400;500;600&family=JetBrains+Mono:wght@400;500&display=swap → 200 (3ms, -698B)
[2026-06-27T06:42:00.885Z] GET file:///home/sky-b1-31/Desktop/Resume-Page/images/profile-pic.jpg → 200 (2ms, 242971B)
[2026-06-27T06:42:00.900Z] GET https://fonts.gstatic.com/s/inter/v20/UcC73FwrK3iLTeHuS_nVMrMxCp50SjIa1ZL7.woff2 → 200 (11ms, -815B)
[2026-06-27T06:42:00.900Z] GET https://fonts.gstatic.com/s/jetbrainsmono/v24/tDbv2o-flEEny0FZhsfKu5WU4zr3E_BX0PnT8RD8yKwBNntkaToggR7BYRbKPxDcwg.woff2 → 200 (9ms, -815B)
[2026-06-27T06:42:00.900Z] GET https://fonts.gstatic.com/s/spacegrotesk/v22/V8mDoQDjQSkFtoMM3T6r8E7mPbF4Cw.woff2 → 200 (9ms, -815B)
